Microsoft (R) Macro Assembler Version 5.10                  1/1/2
                                                             Page     1-1


				;*****************************************
				;     MDA-Win8086 EXPERIMENT PROGRAM    *
				;     FILENAME  : MATRIX_3.ASM
				;     PROCESSOR : I8086
				;     DOT MATRIX TEST
				;*****************************************
 0000				CODE	SEGMENT
					ASSUME	CS:CODE,DS:CODE,ES:CODE,SS:CODE
					;
 = 001E				PPIC_C	EQU	1EH ; control register
 = 001C				PPIC	EQU	1CH
 = 001A				PPIB	EQU	1AH
 = 0018				PPIA	EQU	18H
					;	
 1000					ORG	1000H
 1000  B0 80				MOV	AL,10000000B
 1002  E6 1E				OUT	PPIC_C,AL
					;
 1004  B0 FF				MOV	AL,11111111B
 1006  E6 18				OUT	PPIA,AL
					;
 1008  BE 1040 R		L1:	MOV	SI,OFFSET FONT1
					;
 100B  B3 0A				MOV	BL,10 ; font No.
 100D  B7 3C			L3:	MOV	BH,60 ; display time
					;
 100F  56			L2:	PUSH	SI
 1010  E8 1021 R			CALL	SCAN
 1013  5E				POP	SI
 1014  FE CF				DEC	BH
 1016  75 F7				JNZ	L2
					;
 1018  83 C6 08				ADD	SI,8
 101B  FE CB				DEC	BL
 101D  75 EE				JNZ	L3
				        ;
 101F  EB E7				JMP	L1
					;
					;	
					;
 1021				SCAN    PROC	NEAR
 1021  B4 01				MOV	AH,00000001B
 1023  2E: 8A 04		SCAN1:	MOV	AL,BYTE PTR CS:[SI]
 1026  E6 1A				OUT	PPIB,AL
					;		
 1028  8A C4				MOV	AL,AH
 102A  E6 1C				OUT	PPIC,AL
 102C  E8 1036 R			CALL	TIMER
 102F  46				INC	SI
 1030  F8				CLC
 1031  D0 C4				ROL	AH,1
 1033  73 EE				JNC	SCAN1
 1035  C3				RET
 1036				SCAN	ENDP
Microsoft (R) Macro Assembler Version 5.10                  1/1/2
                                                             Page     1-2


					;
 1036  B9 012C			TIMER:	MOV	CX,300
 1039  90			TIMER1:	NOP
 103A  90				NOP
 103B  90				NOP
 103C  90				NOP
 103D  E2 FA				LOOP	TIMER1
 103F  C3				RET
					;
				
				
 1040  FF			FONT1:  DB      11111111B
 1041  FF				DB	11111111B
 1042  83			        DB      10000011B
 1043  7D				DB	01111101B
 1044  7D				DB	01111101B
 1045  83				DB	10000011B
 1046  FF				DB	11111111B
 1047  FF				DB	11111111B
					;
 1048  FF			FONT2:  DB      11111111B
 1049  FF				DB	11111111B
 104A  BD			        DB      10111101B
 104B  01			        DB      00000001B
 104C  FD				DB	11111101B
 104D  FF				DB	11111111B
 104E  FF				DB	11111111B
 104F  FF				DB	11111111B
					
 1050  FF			FONT3:  DB      11111111B
 1051  FF				DB      11111111B
 1052  61			        DB      01100001B
 1053  6D				DB	01101101B
 1054  6D				DB	01101101B
 1055  0D				DB	00001101B
 1056  FF				DB	11111111B
 1057  FF				DB	11111111B
					
 1058  FF			FONT4:  DB      11111111B
 1059  FF				DB      11111111B
 105A  6D			        DB      01101101B
 105B  6D				DB	01101101B
 105C  6D				DB	01101101B
 105D  01				DB	00000001B
 105E  FF				DB	11111111B
 105F  FF				DB	11111111B
				
 1060  FF			FONT5: 	DB	11111111B
 1061  FF				DB      11111111B
 1062  0F			        DB      00001111B
 1063  EF				DB	11101111B
 1064  EF				DB	11101111B
 1065  01				DB	00000001B
 1066  FF				DB	11111111B
Microsoft (R) Macro Assembler Version 5.10                  1/1/2
                                                             Page     1-3


 1067  FF				DB	11111111B
				
 1068  FF			FONT6:  DB	11111111B
 1069  FF				DB      11111111B
 106A  0D			        DB      00001101B
 106B  6D				DB	01101101B
 106C  6D				DB	01101101B
 106D  61				DB	01100001B
 106E  FF				DB	11111111B
 106F  FF				DB	11111111B
				
 1070  FF			FONT7:  DB	11111111B
 1071  FF				DB      11111111B
 1072  01			        DB      00000001B
 1073  6D				DB	01101101B
 1074  6D				DB	01101101B
 1075  61				DB	01100001B
 1076  FF				DB	11111111B
 1077  FF				DB	11111111B
				
 1078  FF			FONT8:  DB	11111111B
 1079  FF				DB      11111111B
 107A  7F				DB	01111111B
 107B  7F				DB	01111111B
 107C  7F				DB	01111111B
 107D  01			        DB      00000001B
 107E  FF				DB	11111111B
 107F  FF				DB	11111111B
				;
 1080				FONT9:
 1080  FF				DB	11111111B
 1081  FF				DB      11111111B
 1082  01			        DB      00000001B
 1083  6D				DB	01101101B
 1084  6D				DB	01101101B
 1085  01				DB	00000001B
 1086  FF				DB	11111111B
 1087  FF				DB	11111111B
				
 1088				FONT10:
 1088  FF				DB      11111111B
 1089  FF				DB      11111111B
 108A  0D			        DB      00001101B
 108B  6D				DB	01101101B
 108C  6D				DB	01101101B
 108D  01				DB	00000001B
 108E  FF				DB	11111111B
 108F  FF				DB	11111111B
				
					
 1090				CODE	ENDS
					END
Microsoft (R) Macro Assembler Version 5.10                  1/1/2
                                                             Symbols-1


Segments and Groups:

                N a m e         	Length	 Align	Combine Class

CODE . . . . . . . . . . . . . .  	1090	PARA	NONE	

Symbols:            

                N a m e         	Type	 Value	 Attr

FONT1  . . . . . . . . . . . . .  	L NEAR	1040	CODE
FONT10 . . . . . . . . . . . . .  	L NEAR	1088	CODE
FONT2  . . . . . . . . . . . . .  	L NEAR	1048	CODE
FONT3  . . . . . . . . . . . . .  	L NEAR	1050	CODE
FONT4  . . . . . . . . . . . . .  	L NEAR	1058	CODE
FONT5  . . . . . . . . . . . . .  	L NEAR	1060	CODE
FONT6  . . . . . . . . . . . . .  	L NEAR	1068	CODE
FONT7  . . . . . . . . . . . . .  	L NEAR	1070	CODE
FONT8  . . . . . . . . . . . . .  	L NEAR	1078	CODE
FONT9  . . . . . . . . . . . . .  	L NEAR	1080	CODE

L1 . . . . . . . . . . . . . . .  	L NEAR	1008	CODE
L2 . . . . . . . . . . . . . . .  	L NEAR	100F	CODE
L3 . . . . . . . . . . . . . . .  	L NEAR	100D	CODE

PPIA . . . . . . . . . . . . . .  	NUMBER	0018	
PPIB . . . . . . . . . . . . . .  	NUMBER	001A	
PPIC . . . . . . . . . . . . . .  	NUMBER	001C	
PPIC_C . . . . . . . . . . . . .  	NUMBER	001E	

SCAN . . . . . . . . . . . . . .  	N PROC	1021	CODE	Length = 0015
SCAN1  . . . . . . . . . . . . .  	L NEAR	1023	CODE

TIMER  . . . . . . . . . . . . .  	L NEAR	1036	CODE
TIMER1 . . . . . . . . . . . . .  	L NEAR	1039	CODE

@CPU . . . . . . . . . . . . . .  	TEXT  0101h		
@FILENAME  . . . . . . . . . . .  	TEXT  Numbers		
@VERSION . . . . . . . . . . . .  	TEXT  510		


    160 Source  Lines
    160 Total   Lines
     27 Symbols

  47030 + 443191 Bytes symbol space free

      0 Warning Errors
      0 Severe  Errors
